2020-02-26T13:51:32.756-0600 I  CONTROL  [main] Automatically disabling TLS 1.0, to force-enable TLS 1.0 specify --sslDisabledProtocols 'none'
2020-02-26T13:51:32.768-0600 I  CONTROL  [initandlisten] MongoDB starting : pid=78526 port=27017 dbpath=./db 64-bit host=Nikhils-MBP-564.fios-router.home
2020-02-26T13:51:32.768-0600 I  CONTROL  [initandlisten] db version v4.2.3
2020-02-26T13:51:32.768-0600 I  CONTROL  [initandlisten] git version: 6874650b362138df74be53d366bbefc321ea32d4
2020-02-26T13:51:32.768-0600 I  CONTROL  [initandlisten] allocator: system
2020-02-26T13:51:32.769-0600 I  CONTROL  [initandlisten] modules: none
2020-02-26T13:51:32.769-0600 I  CONTROL  [initandlisten] build environment:
2020-02-26T13:51:32.769-0600 I  CONTROL  [initandlisten]     distarch: x86_64
2020-02-26T13:51:32.769-0600 I  CONTROL  [initandlisten]     target_arch: x86_64
2020-02-26T13:51:32.769-0600 I  CONTROL  [initandlisten] options: { config: "apis/mongo/mongoServer.config", net: { bindIp: "127.0.0.1", port: 27017 }, storage: { dbPath: "./db" }, systemLog: { destination: "file", logAppend: true, path: "./mongo.server.log" } }
2020-02-26T13:51:32.770-0600 I  STORAGE  [initandlisten] wiredtiger_open config: create,cache_size=7680M,cache_overflow=(file_max=0M),session_max=33000,eviction=(threads_min=4,threads_max=4),config_base=false,statistics=(fast),log=(enabled=true,archive=true,path=journal,compressor=snappy),file_manager=(close_idle_time=100000,close_scan_interval=10,close_handle_minimum=250),statistics_log=(wait=0),verbose=[recovery_progress,checkpoint_progress],
2020-02-26T13:51:33.286-0600 I  STORAGE  [initandlisten] WiredTiger message [1582746693:286826][78526:0x1127635c0], txn-recover: Set global recovery timestamp: (0, 0)
2020-02-26T13:51:33.314-0600 I  RECOVERY [initandlisten] WiredTiger recoveryTimestamp. Ts: Timestamp(0, 0)
2020-02-26T13:51:33.354-0600 I  STORAGE  [initandlisten] Timestamp monitor starting
2020-02-26T13:51:33.355-0600 I  CONTROL  [initandlisten] 
2020-02-26T13:51:33.356-0600 I  CONTROL  [initandlisten] ** WARNING: Access control is not enabled for the database.
2020-02-26T13:51:33.356-0600 I  CONTROL  [initandlisten] **          Read and write access to data and configuration is unrestricted.
2020-02-26T13:51:33.356-0600 I  CONTROL  [initandlisten] 
2020-02-26T13:51:33.368-0600 I  STORAGE  [initandlisten] createCollection: admin.system.version with provided UUID: 11a8691d-8549-4945-8071-85d60d5fc469 and options: { uuid: UUID("11a8691d-8549-4945-8071-85d60d5fc469") }
2020-02-26T13:51:33.399-0600 I  INDEX    [initandlisten] index build: done building index _id_ on ns admin.system.version
2020-02-26T13:51:33.402-0600 I  SHARDING [initandlisten] Marking collection admin.system.version as collection version: <unsharded>
2020-02-26T13:51:33.402-0600 I  COMMAND  [initandlisten] setting featureCompatibilityVersion to 4.2
2020-02-26T13:51:33.403-0600 I  SHARDING [initandlisten] Marking collection local.system.replset as collection version: <unsharded>
2020-02-26T13:51:33.405-0600 I  STORAGE  [initandlisten] Flow Control is enabled on this deployment.
2020-02-26T13:51:33.407-0600 I  SHARDING [initandlisten] Marking collection admin.system.roles as collection version: <unsharded>
2020-02-26T13:51:33.408-0600 I  STORAGE  [initandlisten] createCollection: local.startup_log with generated UUID: 329a2c6c-562f-4b56-8246-e14b52ff4ff3 and options: { capped: true, size: 10485760 }
2020-02-26T13:51:33.434-0600 I  INDEX    [initandlisten] index build: done building index _id_ on ns local.startup_log
2020-02-26T13:51:33.435-0600 I  SHARDING [initandlisten] Marking collection local.startup_log as collection version: <unsharded>
2020-02-26T13:51:33.436-0600 I  FTDC     [initandlisten] Initializing full-time diagnostic data capture with directory './db/diagnostic.data'
2020-02-26T13:51:33.440-0600 I  NETWORK  [listener] Listening on /tmp/mongodb-27017.sock
2020-02-26T13:51:33.440-0600 I  NETWORK  [listener] Listening on 127.0.0.1
2020-02-26T13:51:33.440-0600 I  SHARDING [LogicalSessionCacheRefresh] Marking collection config.system.sessions as collection version: <unsharded>
2020-02-26T13:51:33.440-0600 I  NETWORK  [listener] waiting for connections on port 27017
2020-02-26T13:51:33.444-0600 I  CONTROL  [LogicalSessionCacheReap] Sessions collection is not set up; waiting until next sessions reap interval: config.system.sessions does not exist
2020-02-26T13:51:33.445-0600 I  STORAGE  [LogicalSessionCacheRefresh] createCollection: config.system.sessions with provided UUID: a3386a13-171a-4d25-bc62-ee69ea686c2f and options: { uuid: UUID("a3386a13-171a-4d25-bc62-ee69ea686c2f") }
2020-02-26T13:51:33.471-0600 I  INDEX    [LogicalSessionCacheRefresh] index build: done building index _id_ on ns config.system.sessions
2020-02-26T13:51:33.496-0600 I  INDEX    [LogicalSessionCacheRefresh] index build: starting on config.system.sessions properties: { v: 2, key: { lastUse: 1 }, name: "lsidTTLIndex", ns: "config.system.sessions", expireAfterSeconds: 1800 } using method: Hybrid
2020-02-26T13:51:33.497-0600 I  INDEX    [LogicalSessionCacheRefresh] build may temporarily use up to 200 megabytes of RAM
2020-02-26T13:51:33.497-0600 I  INDEX    [LogicalSessionCacheRefresh] index build: collection scan done. scanned 0 total records in 0 seconds
2020-02-26T13:51:33.500-0600 I  INDEX    [LogicalSessionCacheRefresh] index build: inserted 0 keys from external sorter into index in 0 seconds
2020-02-26T13:51:33.508-0600 I  INDEX    [LogicalSessionCacheRefresh] index build: done building index lsidTTLIndex on ns config.system.sessions
2020-02-26T13:51:34.005-0600 I  SHARDING [ftdc] Marking collection local.oplog.rs as collection version: <unsharded>
2020-02-26T13:51:34.868-0600 I  CONTROL  [signalProcessingThread] got signal 2 (Interrupt: 2), will terminate after current cmd ends
2020-02-26T13:51:34.871-0600 I  NETWORK  [signalProcessingThread] shutdown: going to close listening sockets...
2020-02-26T13:51:34.871-0600 I  NETWORK  [listener] removing socket file: /tmp/mongodb-27017.sock
2020-02-26T13:51:34.871-0600 I  -        [signalProcessingThread] Stopping further Flow Control ticket acquisitions.
2020-02-26T13:51:34.872-0600 I  CONTROL  [signalProcessingThread] Shutting down free monitoring
2020-02-26T13:51:34.872-0600 I  FTDC     [signalProcessingThread] Shutting down full-time diagnostic data capture
2020-02-26T13:51:34.876-0600 I  STORAGE  [signalProcessingThread] Deregistering all the collections
2020-02-26T13:51:34.876-0600 I  STORAGE  [signalProcessingThread] Timestamp monitor shutting down
2020-02-26T13:51:34.876-0600 I  STORAGE  [signalProcessingThread] WiredTigerKVEngine shutting down
2020-02-26T13:51:34.881-0600 I  STORAGE  [signalProcessingThread] Shutting down session sweeper thread
2020-02-26T13:51:34.882-0600 I  STORAGE  [signalProcessingThread] Finished shutting down session sweeper thread
2020-02-26T13:51:34.883-0600 I  STORAGE  [signalProcessingThread] Shutting down journal flusher thread
2020-02-26T13:51:34.962-0600 I  STORAGE  [signalProcessingThread] Finished shutting down journal flusher thread
2020-02-26T13:51:34.963-0600 I  STORAGE  [signalProcessingThread] Shutting down checkpoint thread
2020-02-26T13:51:34.963-0600 I  STORAGE  [signalProcessingThread] Finished shutting down checkpoint thread
2020-02-26T13:51:35.046-0600 I  STORAGE  [signalProcessingThread] shutdown: removing fs lock...
2020-02-26T13:51:35.046-0600 I  CONTROL  [signalProcessingThread] now exiting
2020-02-26T13:51:35.046-0600 I  CONTROL  [signalProcessingThread] shutting down with code:0
2020-02-26T13:55:51.350-0600 I  CONTROL  [main] ***** SERVER RESTARTED *****
2020-02-26T13:55:51.358-0600 I  CONTROL  [main] Automatically disabling TLS 1.0, to force-enable TLS 1.0 specify --sslDisabledProtocols 'none'
2020-02-26T13:55:51.364-0600 I  CONTROL  [initandlisten] MongoDB starting : pid=78626 port=27017 dbpath=./db 64-bit host=Nikhils-MBP-564.fios-router.home
2020-02-26T13:55:51.364-0600 I  CONTROL  [initandlisten] db version v4.2.3
2020-02-26T13:55:51.364-0600 I  CONTROL  [initandlisten] git version: 6874650b362138df74be53d366bbefc321ea32d4
2020-02-26T13:55:51.364-0600 I  CONTROL  [initandlisten] allocator: system
2020-02-26T13:55:51.364-0600 I  CONTROL  [initandlisten] modules: none
2020-02-26T13:55:51.364-0600 I  CONTROL  [initandlisten] build environment:
2020-02-26T13:55:51.364-0600 I  CONTROL  [initandlisten]     distarch: x86_64
2020-02-26T13:55:51.364-0600 I  CONTROL  [initandlisten]     target_arch: x86_64
2020-02-26T13:55:51.364-0600 I  CONTROL  [initandlisten] options: { config: "apis/mongo/mongoServer.config", net: { bindIp: "127.0.0.1", port: 27017 }, storage: { dbPath: "./db" }, systemLog: { destination: "file", logAppend: true, path: "./mongo.server.log" } }
2020-02-26T13:55:51.365-0600 I  STORAGE  [initandlisten] Detected data files in ./db created by the 'wiredTiger' storage engine, so setting the active storage engine to 'wiredTiger'.
2020-02-26T13:55:51.365-0600 I  STORAGE  [initandlisten] wiredtiger_open config: create,cache_size=7680M,cache_overflow=(file_max=0M),session_max=33000,eviction=(threads_min=4,threads_max=4),config_base=false,statistics=(fast),log=(enabled=true,archive=true,path=journal,compressor=snappy),file_manager=(close_idle_time=100000,close_scan_interval=10,close_handle_minimum=250),statistics_log=(wait=0),verbose=[recovery_progress,checkpoint_progress],
2020-02-26T13:55:51.833-0600 I  STORAGE  [initandlisten] WiredTiger message [1582746951:833375][78626:0x11319c5c0], txn-recover: Recovering log 1 through 2
2020-02-26T13:55:51.898-0600 I  STORAGE  [initandlisten] WiredTiger message [1582746951:898718][78626:0x11319c5c0], txn-recover: Recovering log 2 through 2
2020-02-26T13:55:51.955-0600 I  STORAGE  [initandlisten] WiredTiger message [1582746951:955779][78626:0x11319c5c0], txn-recover: Main recovery loop: starting at 1/23296 to 2/256
2020-02-26T13:55:52.035-0600 I  STORAGE  [initandlisten] WiredTiger message [1582746952:35347][78626:0x11319c5c0], txn-recover: Recovering log 1 through 2
2020-02-26T13:55:52.088-0600 I  STORAGE  [initandlisten] WiredTiger message [1582746952:88748][78626:0x11319c5c0], txn-recover: Recovering log 2 through 2
2020-02-26T13:55:52.132-0600 I  STORAGE  [initandlisten] WiredTiger message [1582746952:132588][78626:0x11319c5c0], txn-recover: Set global recovery timestamp: (0, 0)
2020-02-26T13:55:52.187-0600 I  RECOVERY [initandlisten] WiredTiger recoveryTimestamp. Ts: Timestamp(0, 0)
2020-02-26T13:55:52.194-0600 I  STORAGE  [initandlisten] Timestamp monitor starting
2020-02-26T13:55:52.194-0600 I  CONTROL  [initandlisten] 
2020-02-26T13:55:52.194-0600 I  CONTROL  [initandlisten] ** WARNING: Access control is not enabled for the database.
2020-02-26T13:55:52.195-0600 I  CONTROL  [initandlisten] **          Read and write access to data and configuration is unrestricted.
2020-02-26T13:55:52.195-0600 I  CONTROL  [initandlisten] 
2020-02-26T13:55:52.197-0600 I  SHARDING [initandlisten] Marking collection local.system.replset as collection version: <unsharded>
2020-02-26T13:55:52.198-0600 I  STORAGE  [initandlisten] Flow Control is enabled on this deployment.
2020-02-26T13:55:52.198-0600 I  SHARDING [initandlisten] Marking collection admin.system.roles as collection version: <unsharded>
2020-02-26T13:55:52.198-0600 I  SHARDING [initandlisten] Marking collection admin.system.version as collection version: <unsharded>
2020-02-26T13:55:52.200-0600 I  SHARDING [initandlisten] Marking collection local.startup_log as collection version: <unsharded>
2020-02-26T13:55:52.200-0600 I  FTDC     [initandlisten] Initializing full-time diagnostic data capture with directory './db/diagnostic.data'
2020-02-26T13:55:52.202-0600 I  SHARDING [LogicalSessionCacheRefresh] Marking collection config.system.sessions as collection version: <unsharded>
2020-02-26T13:55:52.202-0600 I  NETWORK  [listener] Listening on /tmp/mongodb-27017.sock
2020-02-26T13:55:52.202-0600 I  NETWORK  [listener] Listening on 127.0.0.1
2020-02-26T13:55:52.202-0600 I  NETWORK  [listener] waiting for connections on port 27017
2020-02-26T13:55:52.202-0600 I  SHARDING [LogicalSessionCacheReap] Marking collection config.transactions as collection version: <unsharded>
2020-02-26T13:55:53.006-0600 I  SHARDING [ftdc] Marking collection local.oplog.rs as collection version: <unsharded>
2020-02-26T13:56:16.759-0600 I  NETWORK  [listener] connection accepted from 127.0.0.1:60782 #1 (1 connection now open)
2020-02-26T13:56:16.761-0600 I  NETWORK  [conn1] received client metadata from 127.0.0.1:60782 conn1: { application: { name: "MongoDB Shell" }, driver: { name: "MongoDB Internal Client", version: "4.2.3" }, os: { type: "Darwin", name: "Mac OS X", architecture: "x86_64", version: "18.7.0" } }
2020-02-26T13:56:19.304-0600 I  NETWORK  [conn1] end connection 127.0.0.1:60782 (0 connections now open)
2020-02-26T13:56:26.811-0600 I  CONTROL  [signalProcessingThread] got signal 2 (Interrupt: 2), will terminate after current cmd ends
2020-02-26T13:56:26.812-0600 I  NETWORK  [signalProcessingThread] shutdown: going to close listening sockets...
2020-02-26T13:56:26.812-0600 I  NETWORK  [listener] removing socket file: /tmp/mongodb-27017.sock
2020-02-26T13:56:26.812-0600 I  -        [signalProcessingThread] Stopping further Flow Control ticket acquisitions.
2020-02-26T13:56:26.812-0600 I  CONTROL  [signalProcessingThread] Shutting down free monitoring
2020-02-26T13:56:26.812-0600 I  FTDC     [signalProcessingThread] Shutting down full-time diagnostic data capture
2020-02-26T13:56:26.815-0600 I  STORAGE  [signalProcessingThread] Deregistering all the collections
2020-02-26T13:56:26.815-0600 I  STORAGE  [signalProcessingThread] Timestamp monitor shutting down
2020-02-26T13:56:26.816-0600 I  STORAGE  [signalProcessingThread] WiredTigerKVEngine shutting down
2020-02-26T13:56:26.826-0600 I  STORAGE  [signalProcessingThread] Shutting down session sweeper thread
2020-02-26T13:56:26.826-0600 I  STORAGE  [signalProcessingThread] Finished shutting down session sweeper thread
2020-02-26T13:56:26.826-0600 I  STORAGE  [signalProcessingThread] Shutting down journal flusher thread
2020-02-26T13:56:26.884-0600 I  STORAGE  [signalProcessingThread] Finished shutting down journal flusher thread
2020-02-26T13:56:26.884-0600 I  STORAGE  [signalProcessingThread] Shutting down checkpoint thread
2020-02-26T13:56:26.884-0600 I  STORAGE  [signalProcessingThread] Finished shutting down checkpoint thread
2020-02-26T13:56:26.940-0600 I  STORAGE  [signalProcessingThread] shutdown: removing fs lock...
2020-02-26T13:56:26.941-0600 I  CONTROL  [signalProcessingThread] now exiting
2020-02-26T13:56:26.941-0600 I  CONTROL  [signalProcessingThread] shutting down with code:0
