2020-02-20T00:36:59.506-0600 I  CONTROL  [main] Automatically disabling TLS 1.0, to force-enable TLS 1.0 specify --sslDisabledProtocols 'none'
2020-02-20T00:36:59.551-0600 I  CONTROL  [initandlisten] MongoDB starting : pid=28346 port=27017 dbpath=./db 64-bit host=Sarans-MBP-189
2020-02-20T00:36:59.551-0600 I  CONTROL  [initandlisten] db version v4.2.3
2020-02-20T00:36:59.551-0600 I  CONTROL  [initandlisten] git version: 6874650b362138df74be53d366bbefc321ea32d4
2020-02-20T00:36:59.551-0600 I  CONTROL  [initandlisten] allocator: system
2020-02-20T00:36:59.551-0600 I  CONTROL  [initandlisten] modules: none
2020-02-20T00:36:59.551-0600 I  CONTROL  [initandlisten] build environment:
2020-02-20T00:36:59.551-0600 I  CONTROL  [initandlisten]     distarch: x86_64
2020-02-20T00:36:59.551-0600 I  CONTROL  [initandlisten]     target_arch: x86_64
2020-02-20T00:36:59.551-0600 I  CONTROL  [initandlisten] options: { config: "mongoServer.config", net: { bindIp: "127.0.0.1", port: 27017 }, storage: { dbPath: "./db" }, systemLog: { destination: "file", logAppend: true, path: "./mongo.server.log" } }
2020-02-20T00:36:59.553-0600 E  STORAGE  [initandlisten] Failed to set up listener: SocketException: Address already in use
2020-02-20T00:36:59.556-0600 I  CONTROL  [initandlisten] now exiting
2020-02-20T00:36:59.556-0600 I  CONTROL  [initandlisten] shutting down with code:48
2020-02-20T00:38:03.663-0600 I  CONTROL  [main] ***** SERVER RESTARTED *****
2020-02-20T00:38:03.666-0600 I  CONTROL  [main] Automatically disabling TLS 1.0, to force-enable TLS 1.0 specify --sslDisabledProtocols 'none'
2020-02-20T00:38:03.671-0600 I  CONTROL  [initandlisten] MongoDB starting : pid=28891 port=27017 dbpath=./db 64-bit host=Sarans-MBP-189
2020-02-20T00:38:03.671-0600 I  CONTROL  [initandlisten] db version v4.2.3
2020-02-20T00:38:03.671-0600 I  CONTROL  [initandlisten] git version: 6874650b362138df74be53d366bbefc321ea32d4
2020-02-20T00:38:03.671-0600 I  CONTROL  [initandlisten] allocator: system
2020-02-20T00:38:03.671-0600 I  CONTROL  [initandlisten] modules: none
2020-02-20T00:38:03.671-0600 I  CONTROL  [initandlisten] build environment:
2020-02-20T00:38:03.671-0600 I  CONTROL  [initandlisten]     distarch: x86_64
2020-02-20T00:38:03.671-0600 I  CONTROL  [initandlisten]     target_arch: x86_64
2020-02-20T00:38:03.671-0600 I  CONTROL  [initandlisten] options: { config: "mongoServer.config", net: { bindIp: "127.0.0.1", port: 27017 }, storage: { dbPath: "./db" }, systemLog: { destination: "file", logAppend: true, path: "./mongo.server.log" } }
2020-02-20T00:38:03.672-0600 E  STORAGE  [initandlisten] Failed to set up listener: SocketException: Address already in use
2020-02-20T00:38:03.672-0600 I  CONTROL  [initandlisten] now exiting
2020-02-20T00:38:03.672-0600 I  CONTROL  [initandlisten] shutting down with code:48
